<?xml version="1.0" encoding="UTF-8"?>
<testng-results ignored="0" total="3" passed="3" failed="0" skipped="0">
  <reporter-output>
  </reporter-output>
  <suite started-at="2025-03-22T23:33:21 IST" name="Default suite" finished-at="2025-03-22T23:33:32 IST" duration-ms="10778">
    <groups>
    </groups>
    <test started-at="2025-03-22T23:33:21 IST" name="Default test" finished-at="2025-03-22T23:33:32 IST" duration-ms="10778">
      <class name="TestApi.Auth">
        <test-method signature="getDetailsById()[pri:1, instance:TestApi.Auth@22555ebf]" started-at="2025-03-22T23:33:21 IST" name="getDetailsById" finished-at="2025-03-22T23:33:26 IST" duration-ms="5106" status="PASS">
          <reporter-output>
          </reporter-output>
        </test-method> <!-- getDetailsById -->
        <test-method signature="PostRequest()[pri:2, instance:TestApi.Auth@22555ebf]" started-at="2025-03-22T23:33:26 IST" name="PostRequest" finished-at="2025-03-22T23:33:28 IST" duration-ms="2047" status="PASS">
          <reporter-output>
          </reporter-output>
        </test-method> <!-- PostRequest -->
        <test-method signature="PutRequest()[pri:3, instance:TestApi.Auth@22555ebf]" started-at="2025-03-22T23:33:28 IST" name="PutRequest" finished-at="2025-03-22T23:33:32 IST" duration-ms="3575" status="PASS">
          <reporter-output>
          </reporter-output>
        </test-method> <!-- PutRequest -->
      </class> <!-- TestApi.Auth -->
    </test> <!-- Default test -->
  </suite> <!-- Default suite -->
</testng-results>
